(node:15564) [DEP0005] DeprecationWarning: Buffer() is deprecated due to security and usability issues. Please use the Buffer.alloc(), Buffer.allocUnsafe(), or Buffer.from() methods instead.
(Use `node --trace-deprecation ...` to show where the warning was created)
TypeError: Cannot read property 'body' of undefined
/Users/ayoub/Workspace/business/syneed-web/leboncoin-republisher-2/api/node_modules/opencv-wasm/opencv.js:94
                            throw ex
                            ^

RuntimeError: abort(TypeError: Cannot read property 'body' of undefined). Build with -s ASSERTIONS=1 for more info.
    at process.abort (/Users/ayoub/Workspace/business/syneed-web/leboncoin-republisher-2/api/node_modules/opencv-wasm/opencv.js:775:27)
    at process.emit (node:events:376:20)
    at emit (node:internal/process/promises:202:22)
    at processPromiseRejections (node:internal/process/promises:223:25)
    at processTicksAndRejections (node:internal/process/task_queues:94:32)
(node:15793) [DEP0005] DeprecationWarning: Buffer() is deprecated due to security and usability issues. Please use the Buffer.alloc(), Buffer.allocUnsafe(), or Buffer.from() methods instead.
(Use `node --trace-deprecation ...` to show where the warning was created)
TypeError: Cannot read property 'body' of undefined
/Users/ayoub/Workspace/business/syneed-web/leboncoin-republisher-2/api/node_modules/opencv-wasm/opencv.js:94
                            throw ex
                            ^

RuntimeError: abort(TypeError: Cannot read property 'body' of undefined). Build with -s ASSERTIONS=1 for more info.
    at process.abort (/Users/ayoub/Workspace/business/syneed-web/leboncoin-republisher-2/api/node_modules/opencv-wasm/opencv.js:775:27)
    at process.emit (node:events:376:20)
    at emit (node:internal/process/promises:202:22)
    at processPromiseRejections (node:internal/process/promises:223:25)
    at processTicksAndRejections (node:internal/process/task_queues:94:32)
(node:15939) [DEP0005] DeprecationWarning: Buffer() is deprecated due to security and usability issues. Please use the Buffer.alloc(), Buffer.allocUnsafe(), or Buffer.from() methods instead.
(Use `node --trace-deprecation ...` to show where the warning was created)
TypeError: Cannot read property 'body' of undefined
/Users/ayoub/Workspace/business/syneed-web/leboncoin-republisher-2/api/node_modules/opencv-wasm/opencv.js:94
                            throw ex
                            ^

RuntimeError: abort(TypeError: Cannot read property 'body' of undefined). Build with -s ASSERTIONS=1 for more info.
    at process.abort (/Users/ayoub/Workspace/business/syneed-web/leboncoin-republisher-2/api/node_modules/opencv-wasm/opencv.js:775:27)
    at process.emit (node:events:376:20)
    at emit (node:internal/process/promises:202:22)
    at processPromiseRejections (node:internal/process/promises:223:25)
    at processTicksAndRejections (node:internal/process/task_queues:94:32)
